[33mWARN[39m: GET /favicon.ico not found path
[33mWARN[39m: GET /favicon.ico not found path
[33mWARN[39m: GET /favicon.ico not found path
[33mWARN[39m: GET /favicon.ico not found path
[34mINFO[39m: Server ready on port 8080
[34mINFO[39m: database connected
[34mINFO[39m: DEV MONGO CONNECTED
[32mHTTP[39m: GET / - 17/4/2024, 15:46:30
[32mHTTP[39m: POST /api/sessions/ - 17/4/2024, 15:46:31
[32mHTTP[39m: GET /favicon.ico - 17/4/2024, 15:46:31
[33mWARN[39m: GET /favicon.ico not found path
[34mINFO[39m: Server ready on port 8080
[34mINFO[39m: database connected
[34mINFO[39m: DEV MONGO CONNECTED
[32mHTTP[39m: GET /api/logger - 17/4/2024, 19:35:29
[31mERROR[39m: fs is not defined
[32mHTTP[39m: GET /favicon.ico - 17/4/2024, 19:35:30
[33mWARN[39m: GET /favicon.ico not found path
[34mINFO[39m: Server ready on port 8080
[34mINFO[39m: database connected
[34mINFO[39m: DEV MONGO CONNECTED
[34mINFO[39m: Server ready on port 8080
[34mINFO[39m: database connected
[34mINFO[39m: DEV MONGO CONNECTED
[32mHTTP[39m: GET /api/logger - 17/4/2024, 19:36:23
[31mERROR[39m: fs is not defined
[32mHTTP[39m: GET /favicon.ico - 17/4/2024, 19:36:23
[33mWARN[39m: GET /favicon.ico not found path
[34mINFO[39m: Server ready on port 8080
[34mINFO[39m: database connected
[34mINFO[39m: DEV MONGO CONNECTED
[32mHTTP[39m: GET /api/logger - 17/4/2024, 19:37:52
[31mERROR[39m: fs is not defined
[32mHTTP[39m: GET /favicon.ico - 17/4/2024, 19:37:53
[33mWARN[39m: GET /favicon.ico not found path
[34mINFO[39m: Server ready on port 8080
[34mINFO[39m: database connected
[34mINFO[39m: DEV MONGO CONNECTED
[32mHTTP[39m: GET /api/logger - 17/4/2024, 19:38:39
[32mHTTP[39m: GET /favicon.ico - 17/4/2024, 19:38:40
[33mWARN[39m: GET /favicon.ico not found path
[34mINFO[39m: Server ready on port 8080
[32mHTTP[39m: GET /api/logger - 17/4/2024, 19:39:54
[32mHTTP[39m: GET /favicon.ico - 17/4/2024, 19:39:55
[33mWARN[39m: GET /favicon.ico not found path
[34mINFO[39m: database connected
[34mINFO[39m: DEV MONGO CONNECTED
[34mINFO[39m: Server ready on port 8080
[34mINFO[39m: database connected
[34mINFO[39m: DEV MONGO CONNECTED
